<?xml version="1.0" encoding="UTF-8"?>
<testsuite name="test" tests="1" skipped="0" failures="0" errors="0" timestamp="2014-12-13T15:55:24" hostname="Thibault-PC" time="0.022">
  <properties/>
  <testcase name="test" classname="test" time="0.022"/>
  <system-out><![CDATA[alpha, beta, gamma
]]></system-out>
  <system-err><![CDATA[]]></system-err>
</testsuite>
